-------------------------------------------------------------------------------
Test set: bootcamp9.MathTest
-------------------------------------------------------------------------------
Tests run: 1, Failures: 1, Errors: 0, Skipped: 0, Time elapsed: 0.035 s <<< FAILURE! - in bootcamp9.MathTest
testSum  Time elapsed: 0.031 s  <<< FAILURE!
org.opentest4j.AssertionFailedError: expected: <3> but was: <2>
	at bootcamp9.MathTest.testSum(MathTest.java:11)

