<?xml version="1.0" encoding="UTF-8"?>
<testsuite xmlns:xsi="http://www.w3.org/2001/XMLSchema-instance" xsi:noNamespaceSchemaLocation="https://maven.apache.org/surefire/maven-surefire-plugin/xsd/surefire-test-report.xsd" name="bootcamp9.MathTest" time="0" tests="5" errors="0" skipped="0" failures="0">
  <properties>
[...]
</properties>
  <testcase name="testSum" classname="bootcamp9.MathTest" time="0"/>
  <testcase name="testProductoStream" classname="bootcamp9.MathTest" time="0"/>
  <testcase name="testContadorStream" classname="bootcamp9.MathTest" time="0"/>
  <testcase name="testSumaStream" classname="bootcamp9.MathTest" time="0"/>
  <testcase name="testDivide" classname="bootcamp9.MathTest" time="0"/>
</testsuite>